# JRE version: OpenJDK Runtime Environment (8.0_152-b06) (build 1.8.0_152-release-1136-b06)
# Java VM: OpenJDK 64-Bit Server VM (25.152-b06 mixed mode windows-amd64 compressed oops)
Heap:
 PSYoungGen      total 473088K, used 409080K [0x00000000e0000000, 0x00000000ff980000, 0x0000000100000000)
  eden space 428032K, 92% used [0x00000000e0000000,0x00000000f83ad7a0,0x00000000fa200000)
  from space 45056K, 26% used [0x00000000fcd80000,0x00000000fd950bb0,0x00000000ff980000)
  to   space 44544K, 0% used [0x00000000fa200000,0x00000000fa200000,0x00000000fcd80000)
 ParOldGen       total 244224K, used 154409K [0x00000000a0000000, 0x00000000aee80000, 0x00000000e0000000)
  object space 244224K, 63% used [0x00000000a0000000,0x00000000a96ca588,0x00000000aee80000)
 Metaspace       used 116396K, capacity 121690K, committed 121932K, reserved 1155072K
  class space    used 14257K, capacity 15322K, committed 15476K, reserved 1048576K
GC Heap History (10 events):
Event: 2278.188 GC heap before
{Heap before GC invocations=57 (full 5):
 PSYoungGen      total 453632K, used 404189K [0x00000000e0000000, 0x00000000ffb00000, 0x0000000100000000)
  eden space 394240K, 100% used [0x00000000e0000000,0x00000000f8100000,0x00000000f8100000)
  from space 59392K, 16% used [0x00000000f8100000,0x00000000f8ab7628,0x00000000fbb00000)
  to   space 56832K, 0% used [0x00000000fc380000,0x00000000fc380000,0x00000000ffb00000)
 ParOldGen       total 244224K, used 105345K [0x00000000a0000000, 0x00000000aee80000, 0x00000000e0000000)
  object space 244224K, 43% used [0x00000000a0000000,0x00000000a66e0598,0x00000000aee80000)
 Metaspace       used 116212K, capacity 121498K, committed 121676K, reserved 1155072K
  class space    used 14255K, capacity 15322K, committed 15476K, reserved 1048576K
Event: 2278.217 GC heap after
Heap after GC invocations=57 (full 5):
 PSYoungGen      total 461312K, used 15054K [0x00000000e0000000, 0x00000000ff780000, 0x0000000100000000)
  eden space 408064K, 0% used [0x00000000e0000000,0x00000000e0000000,0x00000000f8e80000)
  from space 53248K, 28% used [0x00000000fc380000,0x00000000fd233840,0x00000000ff780000)
  to   space 53760K, 0% used [0x00000000f8e80000,0x00000000f8e80000,0x00000000fc300000)
 ParOldGen       total 244224K, used 111556K [0x00000000a0000000, 0x00000000aee80000, 0x00000000e0000000)
  object space 244224K, 45% used [0x00000000a0000000,0x00000000a6cf10f8,0x00000000aee80000)
 Metaspace       used 116212K, capacity 121498K, committed 121676K, reserved 1155072K
  class space    used 14255K, capacity 15322K, committed 15476K, reserved 1048576K
}
Event: 2278.984 GC heap before
{Heap before GC invocations=58 (full 5):
 PSYoungGen      total 461312K, used 423118K [0x00000000e0000000, 0x00000000ff780000, 0x0000000100000000)
  eden space 408064K, 100% used [0x00000000e0000000,0x00000000f8e80000,0x00000000f8e80000)
  from space 53248K, 28% used [0x00000000fc380000,0x00000000fd233840,0x00000000ff780000)
  to   space 53760K, 0% used [0x00000000f8e80000,0x00000000f8e80000,0x00000000fc300000)
 ParOldGen       total 244224K, used 111556K [0x00000000a0000000, 0x00000000aee80000, 0x00000000e0000000)
  object space 244224K, 45% used [0x00000000a0000000,0x00000000a6cf10f8,0x00000000aee80000)
 Metaspace       used 116268K, capacity 121626K, committed 121932K, reserved 1155072K
  class space    used 14256K, capacity 15322K, committed 15476K, reserved 1048576K
Event: 2279.011 GC heap after
Heap after GC invocations=58 (full 5):
 PSYoungGen      total 461824K, used 12818K [0x00000000e0000000, 0x00000000ffb80000, 0x0000000100000000)
  eden space 408064K, 0% used [0x00000000e0000000,0x00000000e0000000,0x00000000f8e80000)
  from space 53760K, 23% used [0x00000000f8e80000,0x00000000f9b04910,0x00000000fc300000)
  to   space 51200K, 0% used [0x00000000fc980000,0x00000000fc980000,0x00000000ffb80000)
 ParOldGen       total 244224K, used 121980K [0x00000000a0000000, 0x00000000aee80000, 0x00000000e0000000)
  object space 244224K, 49% used [0x00000000a0000000,0x00000000a771f2f8,0x00000000aee80000)
 Metaspace       used 116268K, capacity 121626K, committed 121932K, reserved 1155072K
  class space    used 14256K, capacity 15322K, committed 15476K, reserved 1048576K
}
Event: 2279.938 GC heap before
{Heap before GC invocations=59 (full 5):
 PSYoungGen      total 461824K, used 420782K [0x00000000e0000000, 0x00000000ffb80000, 0x0000000100000000)
  eden space 408064K, 99% used [0x00000000e0000000,0x00000000f8e670d8,0x00000000f8e80000)
  from space 53760K, 23% used [0x00000000f8e80000,0x00000000f9b04910,0x00000000fc300000)
  to   space 51200K, 0% used [0x00000000fc980000,0x00000000fc980000,0x00000000ffb80000)
 ParOldGen       total 244224K, used 121980K [0x00000000a0000000, 0x00000000aee80000, 0x00000000e0000000)
  object space 244224K, 49% used [0x00000000a0000000,0x00000000a771f2f8,0x00000000aee80000)
 Metaspace       used 116275K, capacity 121626K, committed 121932K, reserved 1155072K
  class space    used 14256K, capacity 15322K, committed 15476K, reserved 1048576K
Event: 2279.966 GC heap after
Heap after GC invocations=59 (full 5):
 PSYoungGen      total 468480K, used 9589K [0x00000000e0000000, 0x00000000ff980000, 0x0000000100000000)
  eden space 419328K, 0% used [0x00000000e0000000,0x00000000e0000000,0x00000000f9980000)
  from space 49152K, 19% used [0x00000000fc980000,0x00000000fd2dd6c0,0x00000000ff980000)
  to   space 49152K, 0% used [0x00000000f9980000,0x00000000f9980000,0x00000000fc980000)
 ParOldGen       total 244224K, used 133228K [0x00000000a0000000, 0x00000000aee80000, 0x00000000e0000000)
  object space 244224K, 54% used [0x00000000a0000000,0x00000000a821b2c8,0x00000000aee80000)
 Metaspace       used 116275K, capacity 121626K, committed 121932K, reserved 1155072K
  class space    used 14256K, capacity 15322K, committed 15476K, reserved 1048576K
}
Event: 2280.982 GC heap before
{Heap before GC invocations=60 (full 5):
 PSYoungGen      total 468480K, used 428917K [0x00000000e0000000, 0x00000000ff980000, 0x0000000100000000)
  eden space 419328K, 100% used [0x00000000e0000000,0x00000000f9980000,0x00000000f9980000)
  from space 49152K, 19% used [0x00000000fc980000,0x00000000fd2dd6c0,0x00000000ff980000)
  to   space 49152K, 0% used [0x00000000f9980000,0x00000000f9980000,0x00000000fc980000)
 ParOldGen       total 244224K, used 133228K [0x00000000a0000000, 0x00000000aee80000, 0x00000000e0000000)
  object space 244224K, 54% used [0x00000000a0000000,0x00000000a821b2c8,0x00000000aee80000)
 Metaspace       used 116326K, capacity 121626K, committed 121932K, reserved 1155072K
  class space    used 14256K, capacity 15322K, committed 15476K, reserved 1048576K
Event: 2281.017 GC heap after
Heap after GC invocations=60 (full 5):
 PSYoungGen      total 468480K, used 18851K [0x00000000e0000000, 0x00000000ffb00000, 0x0000000100000000)
  eden space 419328K, 0% used [0x00000000e0000000,0x00000000e0000000,0x00000000f9980000)
  from space 49152K, 38% used [0x00000000f9980000,0x00000000fabe8c50,0x00000000fc980000)
  to   space 46592K, 0% used [0x00000000fcd80000,0x00000000fcd80000,0x00000000ffb00000)
 ParOldGen       total 244224K, used 141475K [0x00000000a0000000, 0x00000000aee80000, 0x00000000e0000000)
  object space 244224K, 57% used [0x00000000a0000000,0x00000000a8a28eb8,0x00000000aee80000)
 Metaspace       used 116326K, capacity 121626K, committed 121932K, reserved 1155072K
  class space    used 14256K, capacity 15322K, committed 15476K, reserved 1048576K
}
Event: 2282.354 GC heap before
{Heap before GC invocations=61 (full 5):
 PSYoungGen      total 468480K, used 438179K [0x00000000e0000000, 0x00000000ffb00000, 0x0000000100000000)
  eden space 419328K, 100% used [0x00000000e0000000,0x00000000f9980000,0x00000000f9980000)
  from space 49152K, 38% used [0x00000000f9980000,0x00000000fabe8c50,0x00000000fc980000)
  to   space 46592K, 0% used [0x00000000fcd80000,0x00000000fcd80000,0x00000000ffb00000)
 ParOldGen       total 244224K, used 141475K [0x00000000a0000000, 0x00000000aee80000, 0x00000000e0000000)
  object space 244224K, 57% used [0x00000000a0000000,0x00000000a8a28f78,0x00000000aee80000)
 Metaspace       used 116350K, capacity 121690K, committed 121932K, reserved 1155072K
  class space    used 14257K, capacity 15322K, committed 15476K, reserved 1048576K
Event: 2282.392 GC heap after
Heap after GC invocations=61 (full 5):
 PSYoungGen      total 473088K, used 12098K [0x00000000e0000000, 0x00000000ff980000, 0x0000000100000000)
  eden space 428032K, 0% used [0x00000000e0000000,0x00000000e0000000,0x00000000fa200000)
  from space 45056K, 26% used [0x00000000fcd80000,0x00000000fd950bb0,0x00000000ff980000)
  to   space 44544K, 0% used [0x00000000fa200000,0x00000000fa200000,0x00000000fcd80000)
 ParOldGen       total 244224K, used 154409K [0x00000000a0000000, 0x00000000aee80000, 0x00000000e0000000)
  object space 244224K, 63% used [0x00000000a0000000,0x00000000a96ca588,0x00000000aee80000)
 Metaspace       used 116350K, capacity 121690K, committed 121932K, reserved 1155072K
  class space    used 14257K, capacity 15322K, committed 15476K, reserved 1048576K
}

